<?xml version="1.0" encoding="UTF-8"?>
<!-- Generated by org.testng.reporters.JUnitXMLReporter -->
<testsuite ignored="0" hostname="RGCWP16JWC" failures="1" tests="7" name="MyTestGroup" time="0.026" errors="0" timestamp="2024-11-20T20:44:34 WIB">
  <testcase classname="TestNG1" name="scenarioParam" time="0.006"/>
  <testcase classname="TestNG1" name="scenarioParam" time="0.002"/>
  <testcase classname="TestNG1" name="scenarioParam" time="0.0"/>
  <testcase classname="TestNG1" name="testRetry" time="0.001">
    <skipped/>
  </testcase> <!-- testRetry -->
  <testcase classname="TestNG1" name="testRetry" time="0.0">
    <skipped/>
  </testcase> <!-- testRetry -->
  <testcase classname="TestNG1" name="testRetry" time="0.0">
    <skipped/>
  </testcase> <!-- testRetry -->
  <testcase classname="TestNG1" name="testRetry" time="0.0">
    <failure type="java.lang.AssertionError">
      <![CDATA[java.lang.AssertionError
at TestNG1.testRetry(TestNG1.java:42)
at java.base/java.util.ArrayList.forEach(ArrayList.java:1541)
... Removed 31 stack frames]]>
    </failure>
  </testcase> <!-- testRetry -->
</testsuite> <!-- MyTestGroup -->
